build/app/outputs/mapping/release/seeds.txt
com.rs.app.rescue_station.MainActivity
com.rs.app.rescue_station.MainActivity: MainActivity()
...
androidx.window.layout.WindowMetricsCalculator$Companion$reset$1: androidx.window.layout.WindowMetricsCalculator invoke(androidx.window.layout.WindowMetricsCalculator)
io.flutter.embedding.engine.FlutterJNI: void loadLibrary()
androidx.core.content.ContextCompat$Api26Impl: android.content.Intent registerReceiver(android.content.Context,android.content.BroadcastReceiver,android.content.IntentFilter,java.lang.String,android.os.Handler,int)
kotlinx.coroutines.scheduling.WorkQueue: WorkQueue()
androidx.window.embedding.ExtensionEmbeddingBackend: void registerSplitListenerForActivity(android.app.Activity,java.util.concurrent.Executor,androidx.core.util.Consumer)
io.flutter.embedding.engine.FlutterJNI: boolean nativeFlutterTextUtilsIsVariationSelector(int)
androidx.window.core.Version: androidx.window.core.Version access$getVERSION_1_0$cp()
kotlin.jvm.internal.FunctionReference: kotlin.reflect.KFunction getReflected()
io.flutter.embedding.engine.FlutterJNI: io.flutter.view.FlutterCallbackInformation nativeLookupCallbackInformation(long)
io.flutter.embedding.engine.FlutterJNI: void scheduleFrame()
androidx.window.layout.HardwareFoldingFeature: int hashCode()
android.support.v4.app.RemoteActionCompatParcelizer: void write(androidx.core.app.RemoteActionCompat,androidx.versionedparcelable.VersionedParcel)
androidx.window.embedding.MatcherUtils: boolean areComponentsMatching$window_release(android.content.ComponentName,android.content.ComponentName)
androidx.window.embedding.EmbeddingAdapter: java.lang.Object component2(android.util.Pair)
androidx.window.embedding.SplitController: androidx.window.embedding.SplitController access$getGlobalInstance$cp()
io.flutter.view.TextureRegistry$ImageConsumer: android.media.Image acquireLatestImage()
androidx.window.embedding.SplitRule: SplitRule(int,int,float,int)
androidx.window.core.Version: int compareTo(androidx.window.core.Version)
androidx.window.layout.SidecarWindowBackend$WindowLayoutChangeCallbackWrapper: androidx.core.util.Consumer getCallback()
androidx.window.embedding.SplitController: void initialize(android.content.Context,int)
androidx.core.app.AppOpsManagerCompat$Api23Impl: java.lang.String permissionToOp(java.lang.String)
androidx.window.layout.SidecarAdapter: java.util.List translate(java.util.List,androidx.window.sidecar.SidecarDeviceState)
kotlin.jvm.internal.CallableReference: kotlin.reflect.KCallable compute()
io.flutter.view.FlutterCallbackInformation: FlutterCallbackInformation(java.lang.String,java.lang.String,java.lang.String)
androidx.window.layout.HardwareFoldingFeature: java.lang.String toString()
io.flutter.embedding.engine.FlutterJNI: void nativeUpdateJavaAssetManager(long,android.content.res.AssetManager,java.lang.String)
io.flutter.embedding.engine.renderer.FlutterRenderer$ImageTextureRegistryEntry: void waitOnFence(android.media.Image)
io.flutter.embedding.engine.systemchannels.PlatformChannel$HapticFeedbackType: io.flutter.embedding.engine.systemchannels.PlatformChannel$HapticFeedbackType valueOf(java.lang.String)
androidx.window.layout.SidecarCompat: void register(android.os.IBinder,android.app.Activity)
androidx.window.embedding.ExtensionEmbeddingBackend$EmbeddingCallbackImpl: java.util.List getLastInfo()
androidx.window.layout.WindowInfoTracker$Companion: void reset()
androidx.window.layout.DisplayCompatHelperApi28: DisplayCompatHelperApi28()
io.flutter.embedding.engine.renderer.FlutterRenderer$ImageReaderSurfaceProducer: void release()
io.flutter.embedding.engine.FlutterJNI: void nativeDestroy(long)
androidx.window.layout.SidecarCompat: void onWindowLayoutChangeListenerAdded(android.app.Activity)
kotlinx.coroutines.YieldContext: YieldContext()
androidx.core.app.AppOpsManagerCompat$Api29Impl: int checkOpNoThrow(android.app.AppOpsManager,java.lang.String,int,java.lang.String)
androidx.window.embedding.EmbeddingCompat$Companion: boolean isEmbeddingAvailable()