build/app/outputs/mapping/release/mapping.txt
# compiler: R8
# compiler_version: 3.3.70
# min_api: 21
# common_typos_disable
# {"id":"com.android.tools.r8.mapping","version":"2.0"}
# pg_map_id: 5ede003
# pg_map_hash: SHA-256 5ede0039365e43a50f2d57971f74c1538d716fda05d3d619997b3dae5db0a73b
...
android.app.AppComponentFactory -> android.app.AppComponentFactory:
# {"id":"com.android.tools.r8.synthesized"}
    void <clinit>() -> <clinit>
      # {"id":"com.android.tools.r8.synthesized"}
    void <init>() -> <init>
      # {"id":"com.android.tools.r8.synthesized"}
    android.app.Activity instantiateActivity(java.lang.ClassLoader,java.lang.String,android.content.Intent) -> instantiateActivity
      # {"id":"com.android.tools.r8.synthesized"}
    android.app.Application instantiateApplication(java.lang.ClassLoader,java.lang.String) -> instantiateApplication
      # {"id":"com.android.tools.r8.synthesized"}
    android.content.ContentProvider instantiateProvider(java.lang.ClassLoader,java.lang.String) -> instantiateProvider
      # {"id":"com.android.tools.r8.synthesized"}
    android.content.BroadcastReceiver instantiateReceiver(java.lang.ClassLoader,java.lang.String,android.content.Intent) -> instantiateReceiver
      # {"id":"com.android.tools.r8.synthesized"}
    android.app.Service instantiateService(java.lang.ClassLoader,java.lang.String,android.content.Intent) -> instantiateService
      # {"id":"com.android.tools.r8.synthesized"}
android.app.SharedElementCallback$OnSharedElementsReadyListener -> android.app.SharedElementCallback$OnSharedElementsReadyListener:
# {"id":"com.android.tools.r8.synthesized"}
    void <clinit>() -> <clinit>
      # {"id":"com.android.tools.r8.synthesized"}
    void onSharedElementsReady() -> onSharedElementsReady
      # {"id":"com.android.tools.r8.synthesized"}
android.graphics.ColorSpace -> android.graphics.ColorSpace:
# {"id":"com.android.tools.r8.synthesized"}
    void <clinit>() -> <clinit>
      # {"id":"com.android.tools.r8.synthesized"}
    android.graphics.ColorSpace get(android.graphics.ColorSpace$Named) -> get
      # {"id":"com.android.tools.r8.synthesized"}
android.graphics.ColorSpace$Named -> android.graphics.ColorSpace$Named:
# {"id":"com.android.tools.r8.synthesized"}
    void <clinit>() -> <clinit>
      # {"id":"com.android.tools.r8.synthesized"}
android.graphics.ImageDecoder -> android.graphics.ImageDecoder:
# {"id":"com.android.tools.r8.synthesized"}
    void <clinit>() -> <clinit>
      # {"id":"com.android.tools.r8.synthesized"}
    android.graphics.ImageDecoder$Source createSource(java.nio.ByteBuffer) -> createSource
      # {"id":"com.android.tools.r8.synthesized"}
    android.graphics.Bitmap decodeBitmap(android.graphics.ImageDecoder$Source,android.graphics.ImageDecoder$OnHeaderDecodedListener) -> decodeBitmap
      # {"id":"com.android.tools.r8.synthesized"}
    void setAllocator(int) -> setAllocator
      # {"id":"com.android.tools.r8.synthesized"}
    void setTargetColorSpace(android.graphics.ColorSpace) -> setTargetColorSpace
      # {"id":"com.android.tools.r8.synthesized"}
android.graphics.ImageDecoder$ImageInfo -> android.graphics.ImageDecoder$ImageInfo:
# {"id":"com.android.tools.r8.synthesized"}
    void <clinit>() -> <clinit>
      # {"id":"com.android.tools.r8.synthesized"}
    android.util.Size getSize() -> getSize
      # {"id":"com.android.tools.r8.synthesized"}
android.graphics.ImageDecoder$OnHeaderDecodedListener -> android.graphics.ImageDecoder$OnHeaderDecodedListener:
# {"id":"com.android.tools.r8.synthesized"}
    void <clinit>() -> <clinit>
      # {"id":"com.android.tools.r8.synthesized"}
android.graphics.Insets -> android.graphics.Insets:
# {"id":"com.android.tools.r8.synthesized"}
    void <clinit>() -> <clinit>
      # {"id":"com.android.tools.r8.synthesized"}
    android.graphics.Insets of(int,int,int,int) -> of
      # {"id":"com.android.tools.r8.synthesized"}
android.graphics.drawable.AdaptiveIconDrawable -> android.graphics.drawable.AdaptiveIconDrawable:
# {"id":"com.android.tools.r8.synthesized"}
    void <clinit>() -> <clinit>
      # {"id":"com.android.tools.r8.synthesized"}
    void <init>(android.graphics.drawable.Drawable,android.graphics.drawable.Drawable) -> <init>
      # {"id":"com.android.tools.r8.synthesized"}