build/app/outputs/mapping/release/usage.txt
com.rs.app.rescue_station.BuildConfig
com.rs.app.rescue_station.R$attr
com.rs.app.rescue_station.R$color
com.rs.app.rescue_station.R$dimen
com.rs.app.rescue_station.R$drawable
com.rs.app.rescue_station.R$id
com.rs.app.rescue_station.R$integer
com.rs.app.rescue_station.R$layout
com.rs.app.rescue_station.R$mipmap
com.rs.app.rescue_station.R$string
com.rs.app.rescue_station.R$style
com.rs.app.rescue_station.R$styleable
com.rs.app.rescue_station.R$xml
com.rs.app.rescue_station.R
...
androidx.core.view.AccessibilityDelegateCompat
androidx.core.view.ActionProvider$SubUiVisibilityListener
androidx.core.view.ActionProvider$VisibilityListener
androidx.core.view.ActionProvider
androidx.core.view.ContentInfoCompat$Api31Impl
androidx.core.view.ContentInfoCompat$Builder
androidx.core.view.ContentInfoCompat$BuilderCompat31Impl
androidx.core.view.ContentInfoCompat$BuilderCompat
androidx.core.view.ContentInfoCompat$BuilderCompatImpl
androidx.core.view.ContentInfoCompat$Compat31Impl
androidx.core.view.ContentInfoCompat$Compat
androidx.core.view.ContentInfoCompat$CompatImpl
androidx.core.view.ContentInfoCompat$Flags
androidx.core.view.ContentInfoCompat$Source
androidx.core.view.ContentInfoCompat
androidx.core.view.DisplayCompat$Api17Impl
androidx.core.view.DisplayCompat$Api23Impl
androidx.core.view.DisplayCompat$ModeCompat$Api23Impl
androidx.core.view.DisplayCompat$ModeCompat
androidx.core.view.DisplayCompat
androidx.core.view.DisplayCutoutCompat$Api28Impl
androidx.core.view.DisplayCutoutCompat$Api29Impl
androidx.core.view.DisplayCutoutCompat$Api30Impl
androidx.core.view.DisplayCutoutCompat
androidx.core.view.DragAndDropPermissionsCompat$Api24Impl
androidx.core.view.DragAndDropPermissionsCompat
androidx.core.view.DragStartHelper$OnDragStartListener
androidx.core.view.DragStartHelper
androidx.core.view.GestureDetectorCompat$GestureDetectorCompatImpl
androidx.core.view.GestureDetectorCompat$GestureDetectorCompatImplBase$GestureHandler
androidx.core.view.GestureDetectorCompat$GestureDetectorCompatImplBase
androidx.core.view.GestureDetectorCompat$GestureDetectorCompatImplJellybeanMr2
androidx.core.view.GestureDetectorCompat
androidx.core.view.GravityCompat$Api17Impl
androidx.core.view.GravityCompat
androidx.core.view.InputDeviceCompat
androidx.core.view.KeyEventDispatcher$Component
androidx.core.view.KeyEventDispatcher
androidx.core.view.LayoutInflaterCompat$Factory2Wrapper
androidx.core.view.LayoutInflaterCompat
androidx.core.view.LayoutInflaterFactory
androidx.core.view.MarginLayoutParamsCompat$Api17Impl
androidx.core.view.MarginLayoutParamsCompat
androidx.core.view.MenuCompat$Api28Impl
androidx.core.view.MenuCompat
androidx.core.view.MenuHost
androidx.core.view.MenuHostHelper$LifecycleContainer
androidx.core.view.MenuHostHelper
androidx.core.view.MenuItemCompat$1
androidx.core.view.MenuItemCompat$Api26Impl
androidx.core.view.MenuItemCompat$OnActionExpandListener
androidx.core.view.MenuItemCompat
androidx.core.view.MenuProvider
androidx.core.view.MotionEventCompat
androidx.core.view.NestedScrollingChild2
androidx.core.view.NestedScrollingChild3
androidx.core.view.NestedScrollingChild
androidx.core.view.NestedScrollingChildHelper
androidx.core.view.NestedScrollingParent2
androidx.core.view.NestedScrollingParent3
androidx.core.view.NestedScrollingParent
androidx.core.view.NestedScrollingParentHelper
androidx.core.view.OnApplyWindowInsetsListener
androidx.core.view.OnReceiveContentListener
androidx.core.view.OnReceiveContentViewBehavior
androidx.core.view.OneShotPreDrawListener
androidx.core.view.PointerIconCompat$Api24Impl
androidx.core.view.PointerIconCompat
androidx.core.view.ScaleGestureDetectorCompat$Api19Impl
androidx.core.view.ScaleGestureDetectorCompat
androidx.core.view.ScrollingView
androidx.core.view.TintableBackgroundView
androidx.core.view.VelocityTrackerCompat
androidx.core.view.ViewCompat$1
androidx.core.view.ViewCompat$2
androidx.core.view.ViewCompat$3
androidx.core.view.ViewCompat$4
androidx.core.view.ViewCompat$AccessibilityPaneVisibilityManager
androidx.core.view.ViewCompat$AccessibilityViewProperty
androidx.core.view.ViewCompat$Api15Impl
androidx.core.view.ViewCompat$Api16Impl
androidx.core.view.ViewCompat$Api17Impl
androidx.core.view.ViewCompat$Api18Impl
androidx.core.view.ViewCompat$Api19Impl
androidx.core.view.ViewCompat$Api20Impl
androidx.core.view.ViewCompat$Api21Impl$1
androidx.core.view.ViewCompat$Api21Impl
androidx.core.view.ViewCompat$Api23Impl
androidx.core.view.ViewCompat$Api24Impl